pin_import import utility started....
pin_export_files/
pin_export_files/collections.en_US
pin_export_files/locale_descr.en_US
pin_export_files/config_note_status.xml
pin_export_files/lifecycle_states.en_US
pin_export_files/note.en_US
pin_export_files/reasons.en_US
pin_export_files/pin_glchartaccts
pin_export_files/payment_channel.en_US
pin_export_files/pin_export.conf
pin_export_files/pin_usage_map
pin_export_files/pin_rum
pin_export_files/pin_impact_category
pin_export_files/config_note_type.xml
pin_export_files/era_descr.en_US
pin_export_files/errors.en_US
pin_export_files/pin_export_files.tar.gz
pin_export_files/pin_beid
pin_export_files/pin_event_map
pin_export_files/pin_spec_rates
pin_export_files/pin_glid
pin_export_files/active_mediation.en_US
pin_export_files/bus_params_customer.xml
/opt/app/brm/7.5
/opt/app/brm/7.5/sys/msgs/reasoncodes/reasons.en_US
File /opt/app/brm/7.5/sys/msgs/reasoncodes/reasons.en_US exist.
/opt/app/brm/7.5/sys/msgs/reasoncodes/reasons.en_US Backup started
/opt/app/brm/7.5/sys/msgs/reasoncodes/reasons.en_US - Backup completed
Directory Name: /opt/app/brm/7.5/sys/msgs/reasoncodes
Filename : reasons.en_US
Deploying reason_code.....
/opt/app/brm/7.5
/opt/app/brm/7.5/sys/msgs/eradescr/era_descr.en_US
File /opt/app/brm/7.5/sys/msgs/eradescr/era_descr.en_US exist.
/opt/app/brm/7.5/sys/msgs/eradescr/era_descr.en_US Backup started
/opt/app/brm/7.5/sys/msgs/eradescr/era_descr.en_US - Backup completed
Directory Name: /opt/app/brm/7.5/sys/msgs/eradescr
Filename : era_descr.en_US
Deploying reason_code.....
/opt/app/brm/7.5
/opt/app/brm/7.5/sys/data/config/config_note_status.xml
File /opt/app/brm/7.5/sys/data/config/config_note_status.xml exist.
/opt/app/brm/7.5/sys/data/config/config_note_status.xml Backup started
/opt/app/brm/7.5/sys/data/config/config_note_status.xml - Backup completed
Directory Name: /opt/app/brm/7.5/sys/data/config
Filename : config_note_status.xml
No files matching
/opt/app/brm/7.5
/opt/app/brm/7.5/sys/data/config/config_note_type.xml
File /opt/app/brm/7.5/sys/data/config/config_note_type.xml exist.
/opt/app/brm/7.5/sys/data/config/config_note_type.xml Backup started
/opt/app/brm/7.5/sys/data/config/config_note_type.xml - Backup completed
Directory Name: /opt/app/brm/7.5/sys/data/config
Filename : config_note_type.xml
No files matching
/opt/app/brm/7.5
/opt/app/brm/7.5/sys/msgs/errorcodes/errors.en_US
File /opt/app/brm/7.5/sys/msgs/errorcodes/errors.en_US exist.
/opt/app/brm/7.5/sys/msgs/errorcodes/errors.en_US Backup started
/opt/app/brm/7.5/sys/msgs/errorcodes/errors.en_US - Backup completed
Directory Name: /opt/app/brm/7.5/sys/msgs/errorcodes
Filename : errors.en_US
Deploying reason_code.....
/opt/app/brm/7.5
/opt/app/brm/7.5/sys/msgs/localedescr/locale_descr.en_US
File /opt/app/brm/7.5/sys/msgs/localedescr/locale_descr.en_US exist.
/opt/app/brm/7.5/sys/msgs/localedescr/locale_descr.en_US Backup started
/opt/app/brm/7.5/sys/msgs/localedescr/locale_descr.en_US - Backup completed
Directory Name: /opt/app/brm/7.5/sys/msgs/localedescr
Filename : locale_descr.en_US
Deploying reason_code.....
/opt/app/brm/7.5
/opt/app/brm/7.5/sys/msgs/paymentchannel/payment_channel.en_US
File /opt/app/brm/7.5/sys/msgs/paymentchannel/payment_channel.en_US exist.
/opt/app/brm/7.5/sys/msgs/paymentchannel/payment_channel.en_US Backup started
/opt/app/brm/7.5/sys/msgs/paymentchannel/payment_channel.en_US - Backup completed
Directory Name: /opt/app/brm/7.5/sys/msgs/paymentchannel
Filename : payment_channel.en_US
Deploying reason_code.....
/opt/app/brm/7.5
/opt/app/brm/7.5/sys/msgs/lifecycle_states/lifecycle_states.en_US
File /opt/app/brm/7.5/sys/msgs/lifecycle_states/lifecycle_states.en_US exist.
/opt/app/brm/7.5/sys/msgs/lifecycle_states/lifecycle_states.en_US Backup started
/opt/app/brm/7.5/sys/msgs/lifecycle_states/lifecycle_states.en_US - Backup completed
Directory Name: /opt/app/brm/7.5/sys/msgs/lifecycle_states
Filename : lifecycle_states.en_US
Deploying reason_code.....
/opt/app/brm/7.5
/opt/app/brm/7.5/sys/msgs/active_mediation/active_mediation.en_US
File /opt/app/brm/7.5/sys/msgs/active_mediation/active_mediation.en_US exist.
/opt/app/brm/7.5/sys/msgs/active_mediation/active_mediation.en_US Backup started
/opt/app/brm/7.5/sys/msgs/active_mediation/active_mediation.en_US - Backup completed
Directory Name: /opt/app/brm/7.5/sys/msgs/active_mediation
Filename : active_mediation.en_US
Deploying reason_code.....
/opt/app/brm/7.5
/opt/app/brm/7.5/sys/msgs/collections/collections.en_US
File /opt/app/brm/7.5/sys/msgs/collections/collections.en_US exist.
/opt/app/brm/7.5/sys/msgs/collections/collections.en_US Backup started
/opt/app/brm/7.5/sys/msgs/collections/collections.en_US - Backup completed
Directory Name: /opt/app/brm/7.5/sys/msgs/collections
Filename : collections.en_US
Deploying reason_code.....
/opt/app/brm/7.5
/opt/app/brm/7.5/sys/msgs/note/note.en_US
File /opt/app/brm/7.5/sys/msgs/note/note.en_US exist.
/opt/app/brm/7.5/sys/msgs/note/note.en_US Backup started
/opt/app/brm/7.5/sys/msgs/note/note.en_US - Backup completed
Directory Name: /opt/app/brm/7.5/sys/msgs/note
Filename : note.en_US
Deploying reason_code.....
/opt/app/brm/7.5
/opt/app/brm/7.5/sys/data/config/bus_params_customer.xml
File /opt/app/brm/7.5/sys/data/config/bus_params_customer.xml exist.
/opt/app/brm/7.5/sys/data/config/bus_params_customer.xml Backup started
/opt/app/brm/7.5/sys/data/config/bus_params_customer.xml - Backup completed
Directory Name: /opt/app/brm/7.5/sys/data/config
Filename : bus_params_customer.xml
Deploying bus_params.....
/opt/app/brm/7.5
/opt/app/brm/7.5/sys/data/pricing/example/pin_glchartaccts
File /opt/app/brm/7.5/sys/data/pricing/example/pin_glchartaccts exist.
/opt/app/brm/7.5/sys/data/pricing/example/pin_glchartaccts Backup started
/opt/app/brm/7.5/sys/data/pricing/example/pin_glchartaccts - Backup completed
Directory Name: /opt/app/brm/7.5/sys/data/pricing/example
Filename : pin_glchartaccts
Deploying pin_glchartaccts.....
/opt/app/brm/7.5
/opt/app/brm/7.5/sys/data/pricing/example/pin_glid
File /opt/app/brm/7.5/sys/data/pricing/example/pin_glid Does Not Exist
/opt/app/brm/7.5
/opt/app/brm/7.5/sys/data/pricing/example/pin_rum
File /opt/app/brm/7.5/sys/data/pricing/example/pin_rum exist.
/opt/app/brm/7.5/sys/data/pricing/example/pin_rum Backup started
/opt/app/brm/7.5/sys/data/pricing/example/pin_rum - Backup completed
Directory Name: /opt/app/brm/7.5/sys/data/pricing/example
Filename : pin_rum
Deploying pin_rum.....
/opt/app/brm/7.5
/opt/app/brm/7.5/sys/data/pricing/example/pin_usage_map
File /opt/app/brm/7.5/sys/data/pricing/example/pin_usage_map exist.
/opt/app/brm/7.5/sys/data/pricing/example/pin_usage_map Backup started
/opt/app/brm/7.5/sys/data/pricing/example/pin_usage_map - Backup completed
Directory Name: /opt/app/brm/7.5/sys/data/pricing/example
Filename : pin_usage_map
Deploying pin_usage_map.....
/opt/app/brm/7.5
/opt/app/brm/7.5/sys/data/pricing/example/pin_event_map
File /opt/app/brm/7.5/sys/data/pricing/example/pin_event_map exist.
/opt/app/brm/7.5/sys/data/pricing/example/pin_event_map Backup started
/opt/app/brm/7.5/sys/data/pricing/example/pin_event_map - Backup completed
Directory Name: /opt/app/brm/7.5/sys/data/pricing/example
Filename : pin_event_map
No files matching
/opt/app/brm/7.5
/opt/app/brm/7.5/sys/data/pricing/example/pin_beid
File /opt/app/brm/7.5/sys/data/pricing/example/pin_beid exist.
/opt/app/brm/7.5/sys/data/pricing/example/pin_beid Backup started
/opt/app/brm/7.5/sys/data/pricing/example/pin_beid - Backup completed
Directory Name: /opt/app/brm/7.5/sys/data/pricing/example
Filename : pin_beid
Deploying pin_beid....
/opt/app/brm/7.5
/opt/app/brm/7.5/sys/data/config/pin_spec_rates
File /opt/app/brm/7.5/sys/data/config/pin_spec_rates exist.
/opt/app/brm/7.5/sys/data/config/pin_spec_rates Backup started
/opt/app/brm/7.5/sys/data/config/pin_spec_rates - Backup completed
Directory Name: /opt/app/brm/7.5/sys/data/config
Filename : pin_spec_rates
Deploying pin_spec_rates....
/opt/app/brm/7.5
/opt/app/brm/7.5/sys/data/config/pin_impact_category
File /opt/app/brm/7.5/sys/data/config/pin_impact_category exist.
/opt/app/brm/7.5/sys/data/config/pin_impact_category Backup started
/opt/app/brm/7.5/sys/data/config/pin_impact_category - Backup completed
Directory Name: /opt/app/brm/7.5/sys/data/config
Filename : pin_impact_category
Deploying pin_impact_category.....
